<?xml version="1.0" encoding="UTF-8"?>
<testsuites>
  <testsuite name="ProjectName" tests="3" assertions="3" failures="0" errors="0" time="0.007917">
    <testsuite name="helloTest" file="/home/badsauce/jenkinsTest/CI-Test/tests/unit/helloTest.php" tests="1" assertions="1" failures="0" errors="0" time="0.005852">
      <testcase name="testHello" class="helloTest" file="/home/badsauce/jenkinsTest/CI-Test/tests/unit/helloTest.php" line="6" assertions="1" time="0.005852"/>
    </testsuite>
    <testsuite name="tableMakerTest" file="/home/badsauce/jenkinsTest/CI-Test/tests/unit/tableMakerTest.php" tests="2" assertions="2" failures="0" errors="0" time="0.002065">
      <testcase name="testInitTable" class="tableMakerTest" file="/home/badsauce/jenkinsTest/CI-Test/tests/unit/tableMakerTest.php" line="6" assertions="1" time="0.001037"/>
      <testcase name="testEndTable" class="tableMakerTest" file="/home/badsauce/jenkinsTest/CI-Test/tests/unit/tableMakerTest.php" line="13" assertions="1" time="0.001028"/>
    </testsuite>
  </testsuite>
</testsuites>
