<?xml version="1.0" encoding="UTF-8"?>
<testsuites>
  <testsuite name="ProjectName" tests="1" assertions="1" failures="0" errors="0" time="0.001510">
    <testsuite name="helloTest" file="/home/badsauce/jenkinsTest/CI-Test/tests/unit/helloTest.php" tests="1" assertions="1" failures="0" errors="0" time="0.001510">
      <testcase name="testHello" class="helloTest" file="/home/badsauce/jenkinsTest/CI-Test/tests/unit/helloTest.php" line="6" assertions="1" time="0.001510"/>
    </testsuite>
  </testsuite>
</testsuites>
